m
1. HiZ
2. 1-WIRE
3. UART
4. I2C
5. SPI
6. 2WIRE
7. 3WIRE
8. KEYB
9. LCD
10. PIC
11. DIO
x. exit(without change)

(1)>4
I2C mode:
 1. Software
 2. Hardware

(1)>1
Set speed:
 1. ~5kHz
 2. ~50kHz
 3. ~100kHz
 4. ~240kHz

(1)>2
Clutch disengaged!!!
To finish setup, start up the power supplies with command 'W'
Ready
I2C>W
POWER SUPPLIES ON
Clutch engaged!!!
I2C>[0xA0 0x00 0x00]
I2C START BIT
WRITE: 0xA0 ACK 
WRITE: 0x00 ACK 
WRITE: 0x00 ACK 
I2C STOP BIT
I2C>[0xA1 r:64]
I2C START BIT
WRITE: 0xA1 ACK 
READ: 0x41  ACK 0x41  ACK 0x41  ACK 0x41  ACK 0x42  ACK 0x42  ACK 0x42  ACK 0x42  ACK 0x43  ACK 0x43  ACK 0x43  ACK 0x43  ACK 0x44  ACK 0x44  ACK 0x44  ACK 0x44  ACK 0x45  ACK 0x45  ACK 0x45  ACK 0x45  ACK 0x46  ACK 0x46  ACK 0x46  ACK 0x46  ACK 0xFF  ACK 0xFF  ACK 0xFF  ACK 0xFF  ACK 0xFF  ACK 0xFF  ACK 0xFF  ACK 0xFF  ACK 0xFF  ACK 0xFF  ACK 0xFF  ACK 0xFF  ACK 0xFF  ACK 0xFF  ACK 0xFF  ACK 0xFF  ACK 0xFF  ACK 0xFF  ACK 0xFF  ACK 0xFF  ACK 0xFF  ACK 0xFF  ACK 0xFF  ACK 0xFF  ACK 0xFF  ACK 0xFF  ACK 0xFF  ACK 0xFF  ACK 0xFF  ACK 0xFF  ACK 0xFF  ACK 0xFF  ACK 0xFF  ACK 0xFF  ACK 0xFF  ACK 0xFF  ACK 0xFF  ACK 0xFF  ACK 0xFF  ACK 0xFF 
NACK
I2C STOP BIT
I2C>[0xA1 r:64]
I2C START BIT
WRITE: 0xA1 ACK 
READ: 0x41  ACK 0x41  ACK 0x41  ACK 0x43  ACK 0x44  ACK 0x44  ACK 0x44  ACK 0x44  ACK 0x44  ACK 0x44  ACK 0x44  ACK 0x44  ACK 0x44  ACK 0x44  ACK 0x44  ACK 0x44  ACK 0x50  ACK 0x50  ACK 0x50  ACK 0x50  ACK 0x41  ACK 0x41  ACK 0x41  ACK 0x41  ACK 0x50  ACK 0x50  ACK 0x50  ACK 0x50  ACK 0x50  ACK 0x50  ACK 0x50  ACK 0x50  ACK 0x50  ACK 0x50  ACK 0x50  ACK 0x50  ACK 0x50  ACK 0x50  ACK 0x50  ACK 0x50  ACK 0x50  ACK 0xFF  ACK 0x42  ACK 0x42  ACK 0x50  ACK 0x50  ACK 0x50  ACK 0x50  ACK 0x50  ACK 0x50  ACK 0x50  ACK 0x60  ACK 0x60  ACK 0x60  ACK 0x60  ACK 0x60  ACK 0x60  ACK 0x60  ACK 0x60  ACK 0x60  ACK 0x60  ACK 0x41  ACK 0x41  ACK 0x41 
NACK
I2C STOP BIT
I2C>[0xA1 r:64]
I2C START BIT
WRITE: 0xA1 ACK 
READ: 0xFF  ACK 0xFF  ACK 0xFF  ACK 0xFF  ACK 0xFF  ACK 0xFF  ACK 0xFF  ACK 0xFF  ACK 0xFF  ACK 0xFF  ACK 0xFF  ACK 0xFF  ACK 0xFF  ACK 0xFF  ACK 0xFF  ACK 0xFF  ACK 0xFF  ACK 0xFF  ACK 0xFF  ACK 0xFF  ACK 0xFF  ACK 0xFF  ACK 0xFF  ACK 0xFF  ACK 0xFF  ACK 0xFF  ACK 0xFF  ACK 0xFF  ACK 0xFF  ACK 0xFF  ACK 0xFF  ACK 0xFF  ACK 0xFF  ACK 0xFF  ACK 0xFF  ACK 0xFF  ACK 0xFF  ACK 0xFF  ACK 0xFF  ACK 0xFF  ACK 0xFF  ACK 0xFF  ACK 0xFF  ACK 0xFF  ACK 0xFF  ACK 0xFF  ACK 0xFF  ACK 0xFF  ACK 0xFF  ACK 0xFF  ACK 0xFF  ACK 0xFF  ACK 0xFF  ACK 0xFF  ACK 0xFF  ACK 0xFF  ACK 0xFF  ACK 0xFF  ACK 0xFF  ACK 0xFF  ACK 0xFF  ACK 0xFF  ACK 0xFF  ACK 0xFF 
NACK
I2C STOP BIT
I2C>[0xA1 r:64]
I2C START BIT
WRITE: 0xA1 ACK 
READ: 0xFF  ACK 0xFF  ACK 0xFF  ACK 0xFF  ACK 0xFF  ACK 0xFF  ACK 0xFF  ACK 0xFF  ACK 0xFF  ACK 0xFF  ACK 0xFF  ACK 0xFF  ACK 0xFF  ACK 0xFF  ACK 0xFF  ACK 0xFF  ACK 0xFF  ACK 0xFF  ACK 0xFF  ACK 0xFF  ACK 0xFF  ACK 0xFF  ACK 0xFF  ACK 0xFF  ACK 0xFF  ACK 0xFF  ACK 0xFF  ACK 0xFF  ACK 0xFF  ACK 0xFF  ACK 0xFF  ACK 0xFF  ACK 0xFF  ACK 0xFF  ACK 0xFF  ACK 0xFF  ACK 0xFF  ACK 0xFF  ACK 0xFF  ACK 0xFF  ACK 0xFF  ACK 0xFF  ACK 0xFF  ACK 0xFF  ACK 0xFF  ACK 0xFF  ACK 0xFF  ACK 0xFF  ACK 0xFF  ACK 0xFF  ACK 0xFF  ACK 0xFF  ACK 0xFF  ACK 0xFF  ACK 0xFF  ACK 0xFF  ACK 0xFF  ACK 0xFF  ACK 0xFF  ACK 0xFF  ACK 0xFF  ACK 0xFF  ACK 0xFF  ACK 0xFF 
NACK
I2C STOP BIT
I2C>[0xA1 r:64]
I2C START BIT
WRITE: 0xA1 ACK 
READ: 0xFF  ACK 0xFF  ACK 0xFF  ACK 0xFF  ACK 0xFF  ACK 0xFF  ACK 0xFF  ACK 0xFF  ACK 0xFF  ACK 0xFF  ACK 0xFF  ACK 0xFF  ACK 0xFF  ACK 0xFF  ACK 0xFF  ACK 0xFF  ACK 0xFF  ACK 0xFF  ACK 0xFF  ACK 0xFF  ACK 0xFF  ACK 0xFF  ACK 0xFF  ACK 0xFF  ACK 0xFF  ACK 0xFF  ACK 0xFF  ACK 0xFF  ACK 0xFF  ACK 0xFF  ACK 0xFF  ACK 0xFF  ACK 0xFF  ACK 0xFF  ACK 0xFF  ACK 0xFF  ACK 0xFF  ACK 0xFF  ACK 0xFF  ACK 0xFF  ACK 0xFF  ACK 0xFF  ACK 0xFF  ACK 0xFF  ACK 0xFF  ACK 0xFF  ACK 0xFF  ACK 0xFF  ACK 0xFF  ACK 0xFF  ACK 0xFF  ACK 0xFF  ACK 0xFF  ACK 0xFF  ACK 0xFF  ACK 0xFF  ACK 0xFF  ACK 0xFF  ACK 0xFF  ACK 0xFF  ACK 0xFF  ACK 0xFF  ACK 0xFF  ACK 0xFF 
NACK
I2C STOP BIT
I2C>[0xA1 r:64]
I2C START BIT
WRITE: 0xA1 ACK 
READ: 0xFF  ACK 0xFF  ACK 0xFF  ACK 0xFF  ACK 0xFF  ACK 0xFF  ACK 0xFF  ACK 0xFF  ACK 0xFF  ACK 0xFF  ACK 0xFF  ACK 0xFF  ACK 0xFF  ACK 0xFF  ACK 0xFF  ACK 0xFF  ACK 0xFF  ACK 0xFF  ACK 0xFF  ACK 0xFF  ACK 0xFF  ACK 0xFF  ACK 0xFF  ACK 0xFF  ACK 0xFF  ACK 0xFF  ACK 0xFF  ACK 0xFF  ACK 0xFF  ACK 0xFF  ACK 0xFF  ACK 0xFF  ACK 0xFF  ACK 0xFF  ACK 0xFF  ACK 0xFF  ACK 0xFF  ACK 0xFF  ACK 0xFF  ACK 0xFF  ACK 0xFF  ACK 0xFF  ACK 0xFF  ACK 0xFF  ACK 0xFF  ACK 0xFF  ACK 0xFF  ACK 0xFF  ACK 0xFF  ACK 0xFF  ACK 0xFF  ACK 0xFF  ACK 0xFF  ACK 0xFF  ACK 0xFF  ACK 0xFF  ACK 0xFF  ACK 0xFF  ACK 0xFF  ACK 0xFF  ACK 0xFF  ACK 0xFF  ACK 0xFF  ACK 0xFF 
NACK
I2C STOP BIT
I2C>[0xA1 r:64]
I2C START BIT
WRITE: 0xA1 ACK 
READ: 0xFF  ACK 0xFF  ACK 0xFF  ACK 0xFF  ACK 0xFF  ACK 0xFF  ACK 0xFF  ACK 0xFF  ACK 0xFF  ACK 0xFF  ACK 0xFF  ACK 0xFF  ACK 0xFF  ACK 0xFF  ACK 0xFF  ACK 0xFF  ACK 0xFF  ACK 0xFF  ACK 0xFF  ACK 0xFF  ACK 0xFF>[0xA1 r:64]
I2C START BIT
WRITE: 0xA1 ACK 
READ: 0xFF  ACK 0xFF  ACK 0xFF  ACK 0xFF  ACK 0xFF  ACK 0xFF  ACK 0xFF  ACK 0xFF  ACK 0xFF  ACK 0xFF  ACK 0xFF  ACK 0xFF  ACK 0xFF  ACK 0xFF  ACK 0xFF  ACK 0xFF  ACK 0xFF  ACK 0xFF  ACK 0xFF  ACK 0xFF  ACK 0xFF  ACK 0xFF  ACK 0xFF  ACK 0xFF  ACK 0xFF  ACK 0xFF  ACK 0xFF  ACK 0xFF  ACK 0xFF  ACK 0xFF  ACK 0xFF  ACK 0xFF  ACK 0xFF  ACK 0xFF  ACK 0xFF  ACK 0xFF  ACK 0xFF  ACK 0xFF  ACK 0xFF  ACK 0xFF  ACK 0xFF  ACK 0xFF  ACK 0xFF  ACK 0xFF  ACK 0xFF  ACK 0xFF  ACK 0xFF  ACK 0xFF  ACK 0xFF  ACK 0xFF  ACK 0xFF  ACK 0xFF  ACK 0xFF  ACK 0xFF  ACK 0xFF  ACK 0xFF  ACK 0xFF  ACK 0xFF  ACK 0xFF  ACK 0xFF  ACK 0xFF  ACK 0xFF  ACK 0xFF  ACK 0xFF 
NACK
I2C STOP BIT
I2C>[0xA1 r:64]
I2C START BIT
WRITE: 0xA1 ACK 
READ: 0xFF  ACK 0xFF  ACK 0xFF  ACK 0xFF  ACK 0xFF  ACK 0xFF  ACK 0xFF  ACK 0xFF  ACK 0xFF  ACK 0xFF  ACK 0xFF  ACK 0xFF  ACK 0xFF  ACK 0xFF  ACK 0xFF  ACK 0xFF  ACK 0xFF  ACK 0xFF  ACK 0xFF  ACK 0xFF  ACK 0xFF>[0xA1 r:64]
I2C START BIT
WRITE: 0xA1 ACK 
READ: 0xFF  ACK 0xFF  ACK 0xFF  ACK 0xFF  ACK 0xFF  ACK 0xFF  ACK 0xFF  ACK 0xFF  ACK 0xFF  ACK 0xFF  ACK 0xFF  ACK 0xFF  ACK 0xFF  ACK 0xFF  ACK 0xFF  ACK 0xFF  ACK 0xFF  ACK 0xFF  ACK 0xFF  ACK 0xFF  ACK 0xFF  ACK 0xFF  ACK 0xFF  ACK 0xFF  ACK 0xFF  ACK 0xFF  ACK 0xFF  ACK 0xFF  ACK 0xFF  ACK 0xFF  ACK 0xFF  ACK 0xFF  ACK 0xFF  ACK 0xFF  ACK 0xFF  ACK 0xFF  ACK 0xFF  ACK 0xFF  ACK 0xFF  ACK 0xFF  ACK 0xFF  ACK 0xFF  ACK 0xFF  ACK 0xFF  ACK 0xFF  ACK 0xFF  ACK 0xFF  ACK 0xFF  ACK 0xFF  ACK 0xFF  ACK 0xFF  ACK 0xFF  ACK 0xFF  ACK 0xFF  ACK 0xFF  ACK 0xFF  ACK 0xFF  ACK 0xFF  ACK 0xFF  ACK 0xFF  ACK 0xFF  ACK 0xFF  ACK 0xFF  ACK 0xFF 
NACK
I2C STOP BIT
I2C>[0xA1 r:64]
I2C START BIT
WRITE: 0xA1 ACK 
READ: 0xFF  ACK 0xFF  ACK 0xFF  ACK 0xFF  ACK 0xFF  ACK 0xFF  ACK 0xFF  ACK 0xFF  ACK 0xFF  ACK 0xFF  ACK 0xFF  ACK 0xFF  ACK 0xFF  ACK 0xFF  ACK 0xFF  ACK 0xFF  ACK 0xFF  ACK 0xFF  ACK 0xFF  ACK 0xFF  ACK 0xFF>[0xA1 r:64]
I2C START BIT
WRITE: 0xA1 ACK 
READ: 0xFF  ACK 0xFF  ACK 0xFF  ACK 0xFF  ACK 0xFF  ACK 0xFF  ACK 0xFF  ACK 0xFF  ACK 0xFF  ACK 0xFF  ACK 0xFF  ACK 0xFF  ACK 0xFF  ACK 0xFF  ACK 0xFF  ACK 0xFF  ACK 0xFF  ACK 0xFF  ACK 0xFF  ACK 0xFF  ACK 0xFF  ACK 0xFF  ACK 0xFF  ACK 0xFF  ACK 0xFF  ACK 0xFF  ACK 0xFF  ACK 0xFF  ACK 0xFF  ACK 0xFF  ACK 0xFF  ACK 0xFF  ACK 0xFF  ACK 0xFF  ACK 0xFF  ACK 0xFF  ACK 0xFF  ACK 0xFF  ACK 0xFF  ACK 0xFF  ACK 0xFF  ACK 0xFF  ACK 0xFF  ACK 0xFF  ACK 0xFF  ACK 0xFF  ACK 0xFF  ACK 0xFF  ACK 0xFF  ACK 0xFF  ACK 0xFF  ACK 0xFF  ACK 0xFF  ACK 0xFF  ACK 0xFF  ACK 0xFF  ACK 0xFF  ACK 0xFF  ACK 0xFF  ACK 0xFF  ACK 0xFF  ACK 0xFF  ACK 0xFF  ACK 0xFF 
NACK
I2C STOP BIT
I2C>[0xA1 r:64]
I2C START BIT
WRITE: 0xA1 ACK 
READ: 0xFF  ACK 0xFF  ACK 0xFF  ACK 0xFF  ACK 0xFF  ACK 0xFF  ACK 0xFF  ACK 0xFF  ACK 0xFF  ACK 0xFF  ACK 0xFF  ACK 0xFF  ACK 0xFF  ACK 0xFF  ACK 0xFF  ACK 0xFF  ACK 0xFF  ACK 0xFF  ACK 0xFF  ACK 0xFF  ACK 0xFF>[0xA1 r:64]
I2C START BIT
WRITE: 0xA1 ACK 
READ: 0xFF  ACK 0xFF  ACK 0xFF  ACK 0xFF  ACK 0xFF  ACK 0xFF  ACK 0xFF  ACK 0xFF  ACK 0xFF  ACK 0xFF  ACK 0xFF  ACK 0xFF  ACK 0xFF  ACK 0xFF  ACK 0xFF  ACK 0xFF  ACK 0xFF  ACK 0xFF  ACK 0xFF  ACK 0xFF  ACK 0xFF  ACK 0xFF  ACK 0xFF  ACK 0xFF  ACK 0xFF  ACK 0xFF  ACK 0xFF  ACK 0xFF  ACK 0xFF  ACK 0xFF  ACK 0xFF  ACK 0xFF  ACK 0xFF  ACK 0xFF  ACK 0xFF  ACK 0xFF  ACK 0xFF  ACK 0xFF  ACK 0xFF  ACK 0xFF  ACK 0xFF  ACK 0xFF  ACK 0xFF  ACK 0xFF  ACK 0xFF  ACK 0xFF  ACK 0xFF  ACK 0xFF  ACK 0xFF  ACK 0xFF  ACK 0xFF  ACK 0xFF  ACK 0xFF  ACK 0xFF  ACK 0xFF  ACK 0xFF  ACK 0xFF  ACK 0xFF  ACK 0xFF  ACK 0xFF  ACK 0xFF  ACK 0xFF  ACK 0xFF  ACK 0xFF 
NACK
I2C STOP BIT
I2C>[0xA1 r:64]
I2C START BIT
WRITE: 0xA1 ACK 
READ: 0xFF  ACK 0xFF  ACK 0xFF  ACK 0xFF  ACK 0xFF  ACK 0xFF  ACK 0xFF  ACK 0xFF  ACK 0xFF  ACK 0xFF  ACK 0xFF  ACK 0xFF  ACK 0xFF  ACK 0xFF  ACK 0xFF  ACK 0xFF  ACK 0xFF  ACK 0xFF  ACK 0xFF  ACK 0xFF  ACK 0xFF>[0xA1 r:64]
I2C START BIT
WRITE: 0xA1 ACK 
READ: 0xFF  ACK 0xFF  ACK 0xFF  ACK 0xFF  ACK 0xFF  ACK 0xFF  ACK 0xFF  ACK 0xFF  ACK 0xFF  ACK 0xFF  ACK 0xFF  ACK 0xFF  ACK 0xFF  ACK 0xFF  ACK 0xFF  ACK 0xFF  ACK 0xFF  ACK 0xFF  ACK 0xFF  ACK 0xFF  ACK 0xFF  ACK 0xFF  ACK 0xFF  ACK 0xFF  ACK 0xFF  ACK 0xFF  ACK 0xFF  ACK 0xFF  ACK 0xFF  ACK 0xFF  ACK 0xFF  ACK 0xFF  ACK 0xFF  ACK 0xFF  ACK 0xFF  ACK 0xFF  ACK 0xFF  ACK 0xFF  ACK 0xFF  ACK 0xFF  ACK 0xFF  ACK 0xFF  ACK 0xFF  ACK 0xFF  ACK 0xFF  ACK 0xFF  ACK 0xFF  ACK 0xFF  ACK 0xFF  ACK 0xFF  ACK 0xFF  ACK 0xFF  ACK 0xFF  ACK 0xFF  ACK 0xFF  ACK 0xFF  ACK 0xFF  ACK 0xFF  ACK 0xFF  ACK 0xFF  ACK 0xFF  ACK 0xFF  ACK 0xFF  ACK 0xFF 
NACK
I2C STOP BIT
I2C>[0xA1 r:64]
I2C START BIT
WRITE: 0xA1 ACK 
READ: 0xFF  ACK 0xFF  ACK 0xFF  ACK 0xFF  ACK 0xFF  ACK 0xFF  ACK 0xFF  ACK 0xFF  ACK 0xFF  ACK 0xFF  ACK 0xFF  ACK 0xFF  ACK 0xFF  ACK 0xFF  ACK 0xFF  ACK 0xFF  ACK 0xFF  ACK 0xFF  ACK 0xFF  ACK 0xFF  ACK 0xFF>[0xA1 r:64]
I2C START BIT
WRITE: 0xA1 ACK 
READ: 0xFF  ACK 0xFF  ACK 0xFF  ACK 0xFF  ACK 0xFF  ACK 0xFF  ACK 0xFF  ACK 0xFF  ACK 0xFF  ACK 0xFF  ACK 0xFF  ACK 0xFF  ACK 0xFF  ACK 0xFF  ACK 0xFF  ACK 0xFF  ACK 0xFF  ACK 0xFF  ACK 0xFF  ACK 0xFF  ACK 0xFF  ACK 0xFF  ACK 0xFF  ACK 0xFF  ACK 0xFF  ACK 0xFF  ACK 0xFF  ACK 0xFF  ACK 0xFF  ACK 0xFF  ACK 0xFF  ACK 0xFF  ACK 0xFF  ACK 0xFF  ACK 0xFF  ACK 0xFF  ACK 0xFF  ACK 0xFF  ACK 0xFF  ACK 0xFF  ACK 0xFF  ACK 0xFF  ACK 0xFF  ACK 0xFF  ACK 0xFF  ACK 0xFF  ACK 0xFF  ACK 0xFF  ACK 0xFF  ACK 0xFF  ACK 0xFF  ACK 0xFF  ACK 0xFF  ACK 0xFF  ACK 0xFF  ACK 0xFF  ACK 0xFF  ACK 0xFF  ACK 0xFF  ACK 0xFF  ACK 0xFF  ACK 0xFF  ACK 0xFF  ACK 0xFF 
NACK
I2C STOP BIT
I2C>[0xA1 r:64]
I2C START BIT
WRITE: 0xA1 ACK 
READ: 0xFF  ACK 0xFF  ACK 0xFF  ACK 0xFF  ACK 0xFF  ACK 0xFF  ACK 0xFF  ACK 0xFF  ACK 0xFF  ACK 0xFF  ACK 0xFF  ACK 0xFF  ACK 0xFF  ACK 0xFF  ACK 0xFF  ACK 0xFF  ACK 0xFF  ACK 0xFF  ACK 0xFF  ACK 0xFF  ACK 0xFF>[0xA1 r:64]
I2C START BIT
WRITE: 0xA1 ACK 
READ: 0xFF  ACK 0xFF  ACK 0xFF  ACK 0xFF  ACK 0xFF  ACK 0xFF  ACK 0xFF  ACK 0xFF  ACK 0xFF  ACK 0xFF  ACK 0xFF  ACK 0xFF  ACK 0xFF  ACK 0xFF  ACK 0xFF  ACK 0xFF  ACK 0xFF  ACK 0xFF  ACK 0xFF  ACK 0xFF  ACK 0xFF  ACK 0xFF  ACK 0xFF  ACK 0xFF  ACK 0xFF  ACK 0xFF  ACK 0xFF  ACK 0xFF  ACK 0xFF  ACK 0xFF  ACK 0xFF  ACK 0xFF  ACK 0xFF  ACK 0xFF  ACK 0xFF  ACK 0xFF  ACK 0xFF  ACK 0xFF  ACK 0xFF  ACK 0xFF  ACK 0xFF  ACK 0xFF  ACK 0xFF  ACK 0xFF  ACK 0xFF  ACK 0xFF  ACK 0xFF  ACK 0xFF  ACK 0xFF  ACK 0xFF  ACK 0xFF  ACK 0xFF  ACK 0xFF  ACK 0xFF  ACK 0xFF  ACK 0xFF  ACK 0xFF  ACK 0xFF  ACK 0xFF  ACK 0xFF  ACK 0xFF  ACK 0xFF  ACK 0xFF  ACK 0xFF 
NACK
I2C STOP BIT
I2C>[0xA1 r:64]
I2C START BIT
WRITE: 0xA1 ACK 
READ: 0xFF  ACK 0xFF  ACK 0xFF  ACK 0xFF  ACK 0xFF  ACK 0xFF  ACK 0xFF  ACK 0xFF  ACK 0xFF  ACK 0xFF  ACK 0xFF  ACK 0xFF  ACK 0xFF  ACK 0xFF  ACK 0xFF  ACK 0xFF  ACK 0xFF  ACK 0xFF  ACK 0xFF  ACK 0xFF  ACK 0xFF>[0xA1 r:64]
I2C START BIT
WRITE: 0xA1 ACK 
READ: 0xFF  ACK 0xFF  ACK 0xFF  ACK 0xFF  ACK 0xFF  ACK 0xFF  ACK 0xFF  ACK 0xFF  ACK 0xFF  ACK 0xFF  ACK 0xFF  ACK 0xFF  ACK 0xFF  ACK 0xFF  ACK 0xFF  ACK 0xFF  ACK 0xFF  ACK 0xFF  ACK 0xFF  ACK 0xFF  ACK 0xFF  ACK 0xFF  ACK 0xFF  ACK 0xFF  ACK 0xFF  ACK 0xFF  ACK 0xFF  ACK 0xFF  ACK 0xFF  ACK 0xFF  ACK 0xFF  ACK 0xFF  ACK 0xFF  ACK 0xFF  ACK 0xFF  ACK 0xFF  ACK 0xFF  ACK 0xFF  ACK 0xFF  ACK 0xFF  ACK 0xFF  ACK 0xFF  ACK 0xFF  ACK 0xFF  ACK 0xFF  ACK 0xFF  ACK 0xFF  ACK 0xFF  ACK 0xFF  ACK 0xFF  ACK 0xFF  ACK 0xFF  ACK 0xFF  ACK 0xFF  ACK 0xFF  ACK 0xFF  ACK 0xFF  ACK 0xFF  ACK 0xFF  ACK 0xFF  ACK 0xFF  ACK 0xFF  ACK 0xFF  ACK 0xFF 
NACK
I2C STOP BIT
I2C>[0xA1 r:64]
I2C START BIT
WRITE: 0xA1 ACK 
READ: 0xFF  ACK 0xFF  ACK 0xFF  ACK 0xFF  ACK 0xFF  ACK 0xFF  ACK 0xFF  ACK 0xFF  ACK 0xFF  ACK 0xFF  ACK 0xFF  ACK 0xFF  ACK 0xFF  ACK 0xFF  ACK 0xFF  ACK 0xFF  ACK 0xFF  ACK 0xFF  ACK 0xFF  ACK 0xFF  ACK 0xFF>[0xA1 r:64]
I2C START BIT
WRITE: 0xA1 ACK 
READ: 0xFF  ACK 0xFF  ACK 0xFF  ACK 0xFF  ACK 0xFF  ACK 0xFF  ACK 0xFF  ACK 0xFF  ACK 0xFF  ACK 0xFF  ACK 0xFF  ACK 0xFF  ACK 0xFF  ACK 0xFF  ACK 0xFF  ACK 0xFF  ACK 0xFF  ACK 0xFF  ACK 0xFF  ACK 0xFF  ACK 0xFF  ACK 0xFF  ACK 0xFF  ACK 0xFF  ACK 0xFF  ACK 0xFF  ACK 0xFF  ACK 0xFF  ACK 0xFF  ACK 0xFF  ACK 0xFF  ACK 0xFF  ACK 0xFF  ACK 0xFF  ACK 0xFF  ACK 0xFF  ACK 0xFF  ACK 0xFF  ACK 0xFF  ACK 0xFF  ACK 0xFF  ACK 0xFF  ACK 0xFF  ACK 0xFF  ACK 0xFF  ACK 0xFF  ACK 0xFF  ACK 0xFF  ACK 0xFF  ACK 0xFF  ACK 0xFF  ACK 0xFF  ACK 0xFF  ACK 0xFF  ACK 0xFF  ACK 0xFF  ACK 0xFF  ACK 0xFF  ACK 0xFF  ACK 0xFF  ACK 0xFF  ACK 0xFF  ACK 0xFF  ACK 0xFF 
NACK
I2C STOP BIT
I2C>[0xA1 r:64]
I2C START BIT
WRITE: 0xA1 ACK 
READ: 0xFF  ACK 0xFF  ACK 0xFF  ACK 0xFF  ACK 0xFF  ACK 0xFF  ACK 0xFF  ACK 0xFF  ACK 0xFF  ACK 0xFF  ACK 0xFF  ACK 0xFF  ACK 0xFF  ACK 0xFF  ACK 0xFF  ACK 0xFF  ACK 0xFF  ACK 0xFF  ACK 0xFF  ACK 0xFF  ACK 0xFF>[0xA1 r:64]
I2C START BIT
WRITE: 0xA1 ACK 
READ: 0xFF  ACK 0xFF  ACK 0xFF  ACK 0xFF  ACK 0xFF  ACK 0xFF  ACK 0xFF  ACK 0xFF  ACK 0xFF  ACK 0xFF  ACK 0xFF  ACK 0xFF  ACK 0xFF  ACK 0xFF  ACK 0xFF  ACK 0xFF  ACK 0xFF  ACK 0xFF  ACK 0xFF  ACK 0xFF  ACK 0xFF  ACK 0xFF  ACK 0xFF  ACK 0xFF  ACK 0xFF  ACK 0xFF  ACK 0xFF  ACK 0xFF  ACK 0xFF  ACK 0xFF  ACK 0xFF  ACK 0xFF  ACK 0xFF  ACK 0xFF  ACK 0xFF  ACK 0xFF  ACK 0xFF  ACK 0xFF  ACK 0xFF  ACK 0xFF  ACK 0xFF  ACK 0xFF  ACK 0xFF  ACK 0xFF  ACK 0xFF  ACK 0xFF  ACK 0xFF  ACK 0xFF  ACK 0xFF  ACK 0xFF  ACK 0xFF  ACK 0xFF  ACK 0xFF  ACK 0xFF  ACK 0xFF  ACK 0xFF  ACK 0xFF  ACK 0xFF  ACK 0xFF  ACK 0xFF  ACK 0xFF  ACK 0xFF  ACK 0xFF  ACK 0xFF 
NACK
I2C STOP BIT
I2C>[0xA1 r:64]
I2C START BIT
WRITE: 0xA1 ACK 
READ: 0xFF  ACK 0xFF  ACK 0xFF  ACK 0xFF  ACK 0xFF  ACK 0xFF  ACK 0xFF  ACK 0xFF  ACK 0xFF  ACK 0xFF  ACK 0xFF  ACK 0xFF  ACK 0xFF  ACK 0xFF  ACK 0xFF  ACK 0xFF  ACK 0xFF  ACK 0xFF  ACK 0xFF  ACK 0xFF  ACK 0xFF>[0xA1 r:64]
I2C START BIT
WRITE: 0xA1 ACK 
READ: 0xFF  ACK 0xFF  ACK 0xFF  ACK 0xFF  ACK 0xFF  ACK 0xFF  ACK 0xFF  ACK 0xFF  ACK 0xFF  ACK 0xFF  ACK 0xFF  ACK 0xFF  ACK 0xFF  ACK 0xFF  ACK 0xFF  ACK 0xFF  ACK 0xFF  ACK 0xFF  ACK 0xFF  ACK 0xFF  ACK 0xFF  ACK 0xFF  ACK 0xFF  ACK 0xFF  ACK 0xFF  ACK 0xFF  ACK 0xFF  ACK 0xFF  ACK 0xFF  ACK 0xFF  ACK 0xFF  ACK 0xFF  ACK 0xFF  ACK 0xFF  ACK 0xFF  ACK 0xFF  ACK 0xFF  ACK 0xFF  ACK 0xFF  ACK 0xFF  ACK 0xFF  ACK 0xFF  ACK 0xFF  ACK 0xFF  ACK 0xFF  ACK 0xFF  ACK 0xFF  ACK 0xFF  ACK 0xFF  ACK 0xFF  ACK 0xFF  ACK 0xFF  ACK 0xFF  ACK 0xFF  ACK 0xFF  ACK 0xFF  ACK 0xFF  ACK 0xFF  ACK 0xFF  ACK 0xFF  ACK 0xFF  ACK 0xFF  ACK 0xFF  ACK 0xFF 
NACK
I2C STOP BIT
I2C>[0xA1 r:64]
I2C START BIT
WRITE: 0xA1 ACK 
READ: 0xFF  ACK 0xFF  ACK 0xFF  ACK 0xFF  ACK 0xFF  ACK 0xFF  ACK 0xFF  ACK 0xFF  ACK 0xFF  ACK 0xFF  ACK 0xFF  ACK 0xFF  ACK 0xFF  ACK 0xFF  ACK 0xFF  ACK 0xFF  ACK 0xFF  ACK 0xFF  ACK 0xFF  ACK 0xFF  ACK 0xFF>[0xA1 r:64]
I2C START BIT
WRITE: 0xA1 ACK 
READ: 0xFF  ACK 0xFF  ACK 0xFF  ACK 0xFF  ACK 0xFF  ACK 0xFF  ACK 0xFF  ACK 0xFF  ACK 0xFF  ACK 0xFF  ACK 0xFF  ACK 0xFF  ACK 0xFF  ACK 0xFF  ACK 0xFF  ACK 0xFF  ACK 0xFF  ACK 0xFF  ACK 0xFF  ACK 0xFF  ACK 0xFF  ACK 0xFF  ACK 0xFF  ACK 0xFF  ACK 0xFF  ACK 0xFF  ACK 0xFF  ACK 0xFF  ACK 0xFF  ACK 0xFF  ACK 0xFF  ACK 0xFF  ACK 0xFF  ACK 0xFF  ACK 0xFF  ACK 0xFF  ACK 0xFF  ACK 0xFF  ACK 0xFF  ACK 0xFF  ACK 0xFF  ACK 0xFF  ACK 0xFF  ACK 0xFF  ACK 0xFF  ACK 0xFF  ACK 0xFF  ACK 0xFF  ACK 0xFF  ACK 0xFF  ACK 0xFF  ACK 0xFF  ACK 0xFF  ACK 0xFF  ACK 0xFF  ACK 0xFF  ACK 0xFF  ACK 0xFF  ACK 0xFF  ACK 0xFF  ACK 0xFF  ACK 0xFF  ACK 0xFF  ACK 0xFF 
NACK
I2C STOP BIT
I2C>[0xA1 r:64]
I2C START BIT
WRITE: 0xA1 ACK 
READ: 0xFF  ACK 0xFF  ACK 0xFF  ACK 0xFF  ACK 0xFF  ACK 0xFF  ACK 0xFF  ACK 0xFF  ACK 0xFF  ACK 0xFF  ACK 0xFF  ACK 0xFF  ACK 0xFF  ACK 0xFF  ACK 0xFF  ACK 0xFF  ACK 0xFF  ACK 0xFF  ACK 0xFF  ACK 0xFF  ACK 0xFF>[0xA1 r:64]
I2C START BIT
WRITE: 0xA1 ACK 
READ: 0xFF  ACK 0xFF  ACK 0xFF  ACK 0xFF  ACK 0xFF  ACK 0xFF  ACK 0xFF  ACK 0xFF  ACK 0xFF  ACK 0xFF  ACK 0xFF  ACK 0xFF  ACK 0xFF  ACK 0xFF  ACK 0xFF  ACK 0xFF  ACK 0xFF  ACK 0xFF  ACK 0xFF  ACK 0xFF  ACK 0xFF  ACK 0xFF  ACK 0xFF  ACK 0xFF  ACK 0xFF  ACK 0xFF  ACK 0xFF  ACK 0xFF  ACK 0xFF  ACK 0xFF  ACK 0xFF  ACK 0xFF  ACK 0xFF  ACK 0xFF  ACK 0xFF  ACK 0xFF  ACK 0xFF  ACK 0xFF  ACK 0xFF  ACK 0xFF  ACK 0xFF  ACK 0xFF  ACK 0xFF  ACK 0xFF  ACK 0xFF  ACK 0xFF  ACK 0xFF  ACK 0xFF  ACK 0xFF  ACK 0xFF  ACK 0xFF  ACK 0xFF  ACK 0xFF  ACK 0xFF  ACK 0xFF  ACK 0xFF  ACK 0xFF  ACK 0xFF  ACK 0xFF  ACK 0xFF  ACK 0xFF  ACK 0xFF  ACK 0xFF  ACK 0xFF 
NACK
I2C STOP BIT
I2C>[0xA1 r:64]
I2C START BIT
WRITE: 0xA1 ACK 
READ: 0xFF  ACK 0xFF  ACK 0xFF  ACK 0xFF  ACK 0xFF  ACK 0xFF  ACK 0xFF  ACK 0xFF  ACK 0xFF  ACK 0xFF  ACK 0xFF  ACK 0xFF  ACK 0xFF  ACK 0xFF  ACK 0xFF  ACK 0xFF  ACK 0xFF  ACK 0xFF  ACK 0xFF  ACK 0xFF  ACK 0xFF>[0xA1 r:64]
I2C START BIT
WRITE: 0xA1 ACK 
READ: 0xFF  ACK 0xFF  ACK 0xFF  ACK 0xFF  ACK 0xFF  ACK 0xFF  ACK 0xFF  ACK 0xFF  ACK 0xFF  ACK 0xFF  ACK 0xFF  ACK 0xFF  ACK 0xFF  ACK 0xFF  ACK 0xFF  ACK 0xFF  ACK 0xFF  ACK 0xFF  ACK 0xFF  ACK 0xFF  ACK 0xFF  ACK 0xFF  ACK 0xFF  ACK 0xFF  ACK 0xFF  ACK 0xFF  ACK 0xFF  ACK 0xFF  ACK 0xFF  ACK 0xFF  ACK 0xFF  ACK 0xFF  ACK 0xFF  ACK 0xFF  ACK 0xFF  ACK 0xFF  ACK 0xFF  ACK 0xFF  ACK 0xFF  ACK 0xFF  ACK 0xFF  ACK 0xFF  ACK 0xFF  ACK 0xFF  ACK 0xFF  ACK 0xFF  ACK 0xFF  ACK 0xFF  ACK 0xFF  ACK 0xFF  ACK 0xFF  ACK 0xFF  ACK 0xFF  ACK 0xFF  ACK 0xFF  ACK 0xFF  ACK 0xFF  ACK 0xFF  ACK 0xFF  ACK 0xFF  ACK 0xFF  ACK 0xFF  ACK 0xFF  ACK 0xFF 
NACK
I2C STOP BIT
I2C>[0xA1 r:64]
I2C START BIT
WRITE: 0xA1 ACK 
READ: 0xFF  ACK 0xFF  ACK 0xFF  ACK 0xFF  ACK 0xFF  ACK 0xFF  ACK 0xFF  ACK 0xFF  ACK 0xFF  ACK 0xFF  ACK 0xFF  ACK 0xFF  ACK 0xFF  ACK 0xFF  ACK 0xFF  ACK 0xFF  ACK 0xFF  ACK 0xFF  ACK 0xFF  ACK 0xFF  ACK 0xFF>[0xA1 r:64]
I2C START BIT
WRITE: 0xA1 ACK 
READ: 0xFF  ACK 0xFF  ACK 0xFF  ACK 0xFF  ACK 0xFF  ACK 0xFF  ACK 0xFF  ACK 0xFF  ACK 0xFF  ACK 0xFF  ACK 0xFF  ACK 0xFF  ACK 0xFF  ACK 0xFF  ACK 0xFF  ACK 0xFF  ACK 0xFF  ACK 0xFF  ACK 0xFF  ACK 0xFF  ACK 0xFF  ACK 0xFF  ACK 0xFF  ACK 0xFF  ACK 0xFF  ACK 0xFF  ACK 0xFF  ACK 0xFF  ACK 0xFF  ACK 0xFF  ACK 0xFF  ACK 0xFF  ACK 0xFF  ACK 0xFF  ACK 0xFF  ACK 0xFF  ACK 0xFF  ACK 0xFF  ACK 0xFF  ACK 0xFF  ACK 0xFF  ACK 0xFF  ACK 0xFF  ACK 0xFF  ACK 0xFF  ACK 0xFF  ACK 0xFF  ACK 0xFF  ACK 0xFF  ACK 0xFF  ACK 0xFF  ACK 0xFF  ACK 0xFF  ACK 0xFF  ACK 0xFF  ACK 0xFF  ACK 0xFF  ACK 0xFF  ACK 0xFF  ACK 0xFF  ACK 0xFF  ACK 0xFF  ACK 0xFF  ACK 0xFF 
NACK
I2C STOP BIT
I2C>[0xA1 r:64]
I2C START BIT
WRITE: 0xA1 ACK 
READ: 0xFF  ACK 0xFF  ACK 0xFF  ACK 0xFF  ACK 0xFF  ACK 0xFF  ACK 0xFF  ACK 0xFF  ACK 0xFF  ACK 0xFF  ACK 0xFF  ACK 0xFF  ACK 0xFF  ACK 0xFF  ACK 0xFF  ACK 0xFF  ACK 0xFF  ACK 0xFF  ACK 0xFF  ACK 0xFF  ACK 0xFF>[0xA1 r:64]
I2C START BIT
WRITE: 0xA1 ACK 
READ: 0xFF  ACK 0xFF  ACK 0xFF  ACK 0xFF  ACK 0xFF  ACK 0xFF  ACK 0xFF  ACK 0xFF  ACK 0xFF  ACK 0xFF  ACK 0xFF  ACK 0xFF  ACK 0xFF  ACK 0xFF  ACK 0xFF  ACK 0xFF  ACK 0xFF  ACK 0xFF  ACK 0xFF  ACK 0xFF  ACK 0xFF  ACK 0xFF  ACK 0xFF  ACK 0xFF  ACK 0xFF  ACK 0xFF  ACK 0xFF  ACK 0xFF  ACK 0xFF  ACK 0xFF  ACK 0xFF  ACK 0xFF  ACK 0xFF  ACK 0xFF  ACK 0xFF  ACK 0xFF  ACK 0xFF  ACK 0xFF  ACK 0xFF  ACK 0xFF  ACK 0xFF  ACK 0xFF  ACK 0xFF  ACK 0xFF  ACK 0xFF  ACK 0xFF  ACK 0xFF  ACK 0xFF  ACK 0xFF  ACK 0xFF  ACK 0xFF  ACK 0xFF  ACK 0xFF  ACK 0xFF  ACK 0xFF  ACK 0xFF  ACK 0xFF  ACK 0xFF  ACK 0xFF  ACK 0xFF  ACK 0xFF  ACK 0xFF  ACK 0xFF  ACK 0xFF 
NACK
I2C STOP BIT
I2C>[0xA1 r:64]
I2C START BIT
WRITE: 0xA1 ACK 
READ: 0xFF  ACK 0xFF  ACK 0xFF  ACK 0xFF  ACK 0xFF  ACK 0xFF  ACK 0xFF  ACK 0xFF  ACK 0xFF  ACK 0xFF  ACK 0xFF  ACK 0xFF  ACK 0xFF  ACK 0xFF  ACK 0xFF  ACK 0xFF  ACK 0xFF  ACK 0xFF  ACK 0xFF  ACK 0xFF  ACK 0xFF>[0xA1 r:64]
I2C START BIT
WRITE: 0xA1 ACK 
READ: 0xFF  ACK 0xFF  ACK 0xFF  ACK 0xFF  ACK 0xFF  ACK 0xFF  ACK 0xFF  ACK 0xFF  ACK 0xFF  ACK 0xFF  ACK 0xFF  ACK 0xFF  ACK 0xFF  ACK 0xFF  ACK 0xFF  ACK 0xFF  ACK 0xFF  ACK 0xFF  ACK 0xFF  ACK 0xFF  ACK 0xFF  ACK 0xFF  ACK 0xFF  ACK 0xFF  ACK 0xFF  ACK 0xFF  ACK 0xFF  ACK 0xFF  ACK 0xFF  ACK 0xFF  ACK 0xFF  ACK 0xFF  ACK 0xFF  ACK 0xFF  ACK 0xFF  ACK 0xFF  ACK 0xFF  ACK 0xFF  ACK 0xFF  ACK 0xFF  ACK 0xFF  ACK 0xFF  ACK 0xFF  ACK 0xFF  ACK 0xFF  ACK 0xFF  ACK 0xFF  ACK 0xFF  ACK 0xFF  ACK 0xFF  ACK 0xFF  ACK 0xFF  ACK 0xFF  ACK 0xFF  ACK 0xFF  ACK 0xFF  ACK 0xFF  ACK 0xFF  ACK 0xFF  ACK 0xFF  ACK 0xFF  ACK 0xFF  ACK 0xFF  ACK 0xFF 
NACK
I2C STOP BIT
I2C>[0xA1 r:64]
I2C START BIT
WRITE: 0xA1 ACK 
READ: 0xFF  ACK 0xFF  ACK 0xFF  ACK 0xFF  ACK 0xFF  ACK 0xFF  ACK 0xFF  ACK 0xFF  ACK 0xFF  ACK 0xFF  ACK 0xFF  ACK 0xFF  ACK 0xFF  ACK 0xFF  ACK 0xFF  ACK 0xFF  ACK 0xFF  ACK 0xFF  ACK 0xFF  ACK 0xFF  ACK 0xFF>[0xA1 r:64]
I2C START BIT
WRITE: 0xA1 ACK 
READ: 0xFF  ACK 0xFF  ACK 0xFF  ACK 0xFF  ACK 0xFF  ACK 0xFF  ACK 0xFF  ACK 0xFF  ACK 0xFF  ACK 0xFF  ACK 0xFF  ACK 0xFF  ACK 0xFF  ACK 0xFF  ACK 0xFF  ACK 0xFF  ACK 0xFF  ACK 0xFF  ACK 0xFF  ACK 0xFF  ACK 0xFF  ACK 0xFF  ACK 0xFF  ACK 0xFF  ACK 0xFF  ACK 0xFF  ACK 0xFF  ACK 0xFF  ACK 0xFF  ACK 0xFF  ACK 0xFF  ACK 0xFF  ACK 0xFF  ACK 0xFF  ACK 0xFF  ACK 0xFF  ACK 0xFF  ACK 0xFF  ACK 0xFF  ACK 0xFF  ACK 0xFF  ACK 0xFF  ACK 0xFF  ACK 0xFF  ACK 0xFF  ACK 0xFF  ACK 0xFF  ACK 0xFF  ACK 0xFF  ACK 0xFF  ACK 0xFF  ACK 0xFF  ACK 0xFF  ACK 0xFF  ACK 0xFF  ACK 0xFF  ACK 0xFF  ACK 0xFF  ACK 0xFF  ACK 0xFF  ACK 0xFF  ACK 0xFF  ACK 0xFF  ACK 0xFF 
NACK
I2C STOP BIT
I2C>[0xA1 r:64]
I2C START BIT
WRITE: 0xA1 ACK 
READ: 0xFF  ACK 0xFF  ACK 0xFF  ACK 0xFF  ACK 0xFF  ACK 0xFF  ACK 0xFF  ACK 0xFF  ACK 0xFF  ACK 0xFF  ACK 0xFF  ACK 0xFF  ACK 0xFF  ACK 0xFF  ACK 0xFF  ACK 0xFF  ACK 0xFF  ACK 0xFF  ACK 0xFF  ACK 0xFF  ACK 0xFF>[0xA1 r:64]
I2C START BIT
WRITE: 0xA1 ACK 
READ: 0xFF  ACK 0xFF  ACK 0xFF  ACK 0xFF  ACK 0xFF  ACK 0xFF  ACK 0xFF  ACK 0xFF  ACK 0xFF  ACK 0xFF  ACK 0xFF  ACK 0xFF  ACK 0xFF  ACK 0xFF  ACK 0xFF  ACK 0xFF  ACK 0xFF  ACK 0xFF  ACK 0xFF  ACK 0xFF  ACK 0xFF  ACK 0xFF  ACK 0xFF  ACK 0xFF  ACK 0xFF  ACK 0xFF  ACK 0xFF  ACK 0xFF  ACK 0xFF  ACK 0xFF  ACK 0xFF  ACK 0xFF  ACK 0xFF  ACK 0xFF  ACK 0xFF  ACK 0xFF  ACK 0xFF  ACK 0xFF  ACK 0xFF  ACK 0xFF  ACK 0xFF  ACK 0xFF  ACK 0xFF  ACK 0xFF  ACK 0xFF  ACK 0xFF  ACK 0xFF  ACK 0xFF  ACK 0xFF  ACK 0xFF  ACK 0xFF  ACK 0xFF  ACK 0xFF  ACK 0xFF  ACK 0xFF  ACK 0xFF  ACK 0xFF  ACK 0xFF  ACK 0xFF  ACK 0xFF  ACK 0xFF  ACK 0xFF  ACK 0xFF  ACK 0xFF 
NACK
I2C STOP BIT
I2C>[0xA1 r:64]
I2C START BIT
WRITE: 0xA1 ACK 
READ: 0xFF  ACK 0xFF  ACK 0xFF  ACK 0xFF  ACK 0xFF  ACK 0xFF  ACK 0xFF  ACK 0xFF  ACK 0xFF  ACK 0xFF  ACK 0xFF  ACK 0xFF  ACK 0xFF  ACK 0xFF  ACK 0xFF  ACK 0xFF  ACK 0xFF  ACK 0xFF  ACK 0xFF  ACK 0xFF  ACK 0xFF>[0xA1 r:64]
I2C START BIT
WRITE: 0xA1 ACK 
READ: 0xFF  ACK 0xFF  ACK 0xFF  ACK 0xFF  ACK 0xFF  ACK 0xFF  ACK 0xFF  ACK 0xFF  ACK 0xFF  ACK 0xFF  ACK 0xFF  ACK 0xFF  ACK 0xFF  ACK 0xFF  ACK 0xFF  ACK 0xFF  ACK 0xFF  ACK 0xFF  ACK 0xFF  ACK 0xFF  ACK 0xFF  ACK 0xFF  ACK 0xFF  ACK 0xFF  ACK 0xFF  ACK 0xFF  ACK 0xFF  ACK 0xFF  ACK 0xFF  ACK 0xFF  ACK 0xFF  ACK 0xFF  ACK 0xFF  ACK 0xFF  ACK 0xFF  ACK 0xFF  ACK 0xFF  ACK 0xFF  ACK 0xFF  ACK 0xFF  ACK 0xFF  ACK 0xFF  ACK 0xFF  ACK 0xFF  ACK 0xFF  ACK 0xFF  ACK 0xFF  ACK 0xFF  ACK 0xFF  ACK 0xFF  ACK 0xFF  ACK 0xFF  ACK 0xFF  ACK 0xFF  ACK 0xFF  ACK 0xFF  ACK 0xFF  ACK 0xFF  ACK 0xFF  ACK 0xFF  ACK 0xFF  ACK 0xFF  ACK 0xFF  ACK 0xFF 
NACK
I2C STOP BIT
I2C>[0xA1 r:64]
I2C START BIT
WRITE: 0xA1 ACK 
READ: 0xFF  ACK 0xFF  ACK 0xFF  ACK 0xFF  ACK 0xFF  ACK 0xFF  ACK 0xFF  ACK 0xFF  ACK 0xFF  ACK 0xFF  ACK 0xFF  ACK 0xFF  ACK 0xFF  ACK 0xFF  ACK 0xFF  ACK 0xFF  ACK 0xFF  ACK 0xFF  ACK 0xFF  ACK 0xFF  ACK 0xFF>[0xA1 r:64]
I2C START BIT
WRITE: 0xA1 ACK 
READ: 0xFF  ACK 0xFF  ACK 0xFF  ACK 0xFF  ACK 0xFF  ACK 0xFF  ACK 0xFF  ACK 0xFF  ACK 0xFF  ACK 0xFF  ACK 0xFF  ACK 0xFF  ACK 0xFF  ACK 0xFF  ACK 0xFF  ACK 0xFF  ACK 0xFF  ACK 0xFF  ACK 0xFF  ACK 0xFF  ACK 0xFF  ACK 0xFF  ACK 0xFF  ACK 0xFF  ACK 0xFF  ACK 0xFF  ACK 0xFF  ACK 0xFF  ACK 0xFF  ACK 0xFF  ACK 0xFF  ACK 0xFF  ACK 0xFF  ACK 0xFF  ACK 0xFF  ACK 0xFF  ACK 0xFF  ACK 0xFF  ACK 0xFF  ACK 0xFF  ACK 0xFF  ACK 0xFF  ACK 0xFF  ACK 0xFF  ACK 0xFF  ACK 0xFF  ACK 0xFF  ACK 0xFF  ACK 0xFF  ACK 0xFF  ACK 0xFF  ACK 0xFF  ACK 0xFF  ACK 0xFF  ACK 0xFF  ACK 0xFF  ACK 0xFF  ACK 0xFF  ACK 0xFF  ACK 0xFF  ACK 0xFF  ACK 0xFF  ACK 0xFF  ACK 0xFF 
NACK
I2C STOP BIT
I2C>[0xA1 r:64]
I2C START BIT
WRITE: 0xA1 ACK 
READ: 0xFF  ACK 0xFF  ACK 0xFF  ACK 0xFF  ACK 0xFF  ACK 0xFF  ACK 0xFF  ACK 0xFF  ACK 0xFF  ACK 0xFF  ACK 0xFF  ACK 0xFF  ACK 0xFF  ACK 0xFF  ACK 0xFF  ACK 0xFF  ACK 0xFF  ACK 0xFF  ACK 0xFF  ACK 0xFF  ACK 0xFF>[0xA1 r:64]
I2C START BIT
WRITE: 0xA1 ACK 
READ: 0xFF  ACK 0xFF  ACK 0xFF  ACK 0xFF  ACK 0xFF  ACK 0xFF  ACK 0xFF  ACK 0xFF  ACK 0xFF  ACK 0xFF  ACK 0xFF  ACK 0xFF  ACK 0xFF  ACK 0xFF  ACK 0xFF  ACK 0xFF  ACK 0xFF  ACK 0xFF  ACK 0xFF  ACK 0xFF  ACK 0xFF  ACK 0xFF  ACK 0xFF  ACK 0xFF  ACK 0xFF  ACK 0xFF  ACK 0xFF  ACK 0xFF  ACK 0xFF  ACK 0xFF  ACK 0xFF  ACK 0xFF  ACK 0xFF  ACK 0xFF  ACK 0xFF  ACK 0xFF  ACK 0xFF  ACK 0xFF  ACK 0xFF  ACK 0xFF  ACK 0xFF  ACK 0xFF  ACK 0xFF  ACK 0xFF  ACK 0xFF  ACK 0xFF  ACK 0xFF  ACK 0xFF  ACK 0xFF  ACK 0xFF  ACK 0xFF  ACK 0xFF  ACK 0xFF  ACK 0xFF  ACK 0xFF  ACK 0xFF  ACK 0xFF  ACK 0xFF  ACK 0xFF  ACK 0xFF  ACK 0xFF  ACK 0xFF  ACK 0xFF  ACK 0xFF 
NACK
I2C STOP BIT
I2C>[0xA1 r:64]
I2C START BIT
WRITE: 0xA1 ACK 
READ: 0xFF  ACK 0xFF  ACK 0xFF  ACK 0xFF  ACK 0xFF  ACK 0xFF  ACK 0xFF  ACK 0xFF  ACK 0xFF  ACK 0xFF  ACK 0xFF  ACK 0xFF  ACK 0xFF  ACK 0xFF  ACK 0xFF  ACK 0xFF  ACK 0xFF  ACK 0xFF  ACK 0xFF  ACK 0xFF  ACK 0xFF>[0xA1 r:64]
I2C START BIT
WRITE: 0xA1 ACK 
READ: 0xFF  ACK 0xFF  ACK 0xFF  ACK 0xFF  ACK 0xFF  ACK 0xFF  ACK 0xFF  ACK 0xFF  ACK 0xFF  ACK 0xFF  ACK 0xFF  ACK 0xFF  ACK 0xFF  ACK 0xFF  ACK 0xFF  ACK 0xFF  ACK 0xFF  ACK 0xFF  ACK 0xFF  ACK 0xFF  ACK 0xFF  ACK 0xFF  ACK 0xFF  ACK 0xFF  ACK 0xFF  ACK 0xFF  ACK 0xFF  ACK 0xFF  ACK 0xFF  ACK 0xFF  ACK 0xFF  ACK 0xFF  ACK 0xFF  ACK 0xFF  ACK 0xFF  ACK 0xFF  ACK 0xFF  ACK 0xFF  ACK 0xFF  ACK 0xFF  ACK 0xFF  ACK 0xFF  ACK 0xFF  ACK 0xFF  ACK 0xFF  ACK 0xFF  ACK 0xFF  ACK 0xFF  ACK 0xFF  ACK 0xFF  ACK 0xFF  ACK 0xFF  ACK 0xFF  ACK 0xFF  ACK 0xFF  ACK 0xFF  ACK 0xFF  ACK 0xFF  ACK 0xFF  ACK 0xFF  ACK 0xFF  ACK 0xFF  ACK 0xFF  ACK 0xFF 
NACK
I2C STOP BIT
I2C>[0xA1 r:64]
I2C START BIT
WRITE: 0xA1 ACK 
READ: 0xFF  ACK 0xFF  ACK 0xFF  ACK 0xFF  ACK 0xFF  ACK 0xFF  ACK 0xFF  ACK 0xFF  ACK 0xFF  ACK 0xFF  ACK 0xFF  ACK 0xFF  ACK 0xFF  ACK 0xFF  ACK 0xFF  ACK 0xFF  ACK 0xFF  ACK 0xFF  ACK 0xFF  ACK 0xFF  ACK 0xFF>[0xA1 r:64]
I2C START BIT
WRITE: 0xA1 ACK 
READ: 0xFF  ACK 0xFF  ACK 0xFF  ACK 0xFF  ACK 0xFF  ACK 0xFF  ACK 0xFF  ACK 0xFF  ACK 0xFF  ACK 0xFF  ACK 0xFF  ACK 0xFF  ACK 0xFF  ACK 0xFF  ACK 0xFF  ACK 0xFF  ACK 0xFF  ACK 0xFF  ACK 0xFF  ACK 0xFF  ACK 0xFF  ACK 0xFF  ACK 0xFF  ACK 0xFF  ACK 0xFF  ACK 0xFF  ACK 0xFF  ACK 0xFF  ACK 0xFF  ACK 0xFF  ACK 0xFF  ACK 0xFF  ACK 0xFF  ACK 0xFF  ACK 0xFF  ACK 0xFF  ACK 0xFF  ACK 0xFF  ACK 0xFF  ACK 0xFF  ACK 0xFF  ACK 0xFF  ACK 0xFF  ACK 0xFF  ACK 0xFF  ACK 0xFF  ACK 0xFF  ACK 0xFF  ACK 0xFF  ACK 0xFF  ACK 0xFF  ACK 0xFF  ACK 0xFF  ACK 0xFF  ACK 0xFF  ACK 0xFF  ACK 0xFF  ACK 0xFF  ACK 0xFF  ACK 0xFF  ACK 0xFF  ACK 0xFF  ACK 0xFF  ACK 0xFF 
NACK
I2C STOP BIT
I2C>[0xA1 r:64]
I2C START BIT
WRITE: 0xA1 ACK 
READ: 0xFF  ACK 0xFF  ACK 0xFF  ACK 0xFF  ACK 0xFF  ACK 0xFF  ACK 0xFF  ACK 0xFF  ACK 0xFF  ACK 0xFF  ACK 0xFF  ACK 0xFF  ACK 0xFF  ACK 0xFF  ACK 0xFF  ACK 0xFF  ACK 0xFF  ACK 0xFF  ACK 0xFF  ACK 0xFF  ACK 0xFF>[0xA1 r:64]
I2C START BIT
WRITE: 0xA1 ACK 
READ: 0xFF  ACK 0xFF  ACK 0xFF  ACK 0xFF  ACK 0xFF  ACK 0xFF  ACK 0xFF  ACK 0xFF  ACK 0xFF  ACK 0xFF  ACK 0xFF  ACK 0xFF  ACK 0xFF  ACK 0xFF  ACK 0xFF  ACK 0xFF  ACK 0xFF  ACK 0xFF  ACK 0xFF  ACK 0xFF  ACK 0xFF  ACK 0xFF  ACK 0xFF  ACK 0xFF  ACK 0xFF  ACK 0xFF  ACK 0xFF  ACK 0xFF  ACK 0xFF  ACK 0xFF  ACK 0xFF  ACK 0xFF  ACK 0xFF  ACK 0xFF  ACK 0xFF  ACK 0xFF  ACK 0xFF  ACK 0xFF  ACK 0xFF  ACK 0xFF  ACK 0xFF  ACK 0xFF  ACK 0xFF  ACK 0xFF  ACK 0xFF  ACK 0xFF  ACK 0xFF  ACK 0xFF  ACK 0xFF  ACK 0xFF  ACK 0xFF  ACK 0xFF  ACK 0xFF  ACK 0xFF  ACK 0xFF  ACK 0xFF  ACK 0xFF  ACK 0xFF  ACK 0xFF  ACK 0xFF  ACK 0xFF  ACK 0xFF  ACK 0xFF  ACK 0xFF 
NACK
I2C STOP BIT
I2C>[0xA1 r:64]
I2C START BIT
WRITE: 0xA1 ACK 
READ: 0xFF  ACK 0xFF  ACK 0xFF  ACK 0xFF  ACK 0xFF  ACK 0xFF  ACK 0xFF  ACK 0xFF  ACK 0xFF  ACK 0xFF  ACK 0xFF  ACK 0xFF  ACK 0xFF  ACK 0xFF  ACK 0xFF  ACK 0xFF  ACK 0xFF  ACK 0xFF  ACK 0xFF  ACK 0xFF  ACK 0xFF>[0xA1 r:64]
I2C START BIT
WRITE: 0xA1 ACK 
READ: 0xFF  ACK 0xFF  ACK 0xFF  ACK 0xFF  ACK 0xFF  ACK 0xFF  ACK 0xFF  ACK 0xFF  ACK 0xFF  ACK 0xFF  ACK 0xFF  ACK 0xFF  ACK 0xFF  ACK 0xFF  ACK 0xFF  ACK 0xFF  ACK 0xFF  ACK 0xFF  ACK 0xFF  ACK 0xFF  ACK 0xFF  ACK 0xFF  ACK 0xFF  ACK 0xFF  ACK 0xFF  ACK 0xFF  ACK 0xFF  ACK 0xFF  ACK 0xFF  ACK 0xFF  ACK 0xFF  ACK 0xFF  ACK 0xFF  ACK 0xFF  ACK 0xFF  ACK 0xFF  ACK 0xFF  ACK 0xFF  ACK 0xFF  ACK 0xFF  ACK 0xFF  ACK 0xFF  ACK 0xFF  ACK 0xFF  ACK 0xFF  ACK 0xFF  ACK 0xFF  ACK 0xFF  ACK 0xFF  ACK 0xFF  ACK 0xFF  ACK 0xFF  ACK 0xFF  ACK 0xFF  ACK 0xFF  ACK 0xFF  ACK 0xFF  ACK 0xFF  ACK 0xFF  ACK 0xFF  ACK 0xFF  ACK 0xFF  ACK 0xFF  ACK 0xFF 
NACK
I2C STOP BIT
I2C>[0xA1 r:64]
I2C START BIT
WRITE: 0xA1 ACK 
READ: 0xFF  ACK 0xFF  ACK 0xFF  ACK 0xFF  ACK 0xFF  ACK 0xFF  ACK 0xFF  ACK 0xFF  ACK 0xFF  ACK 0xFF  ACK 0xFF  ACK 0xFF  ACK 0xFF  ACK 0xFF  ACK 0xFF  ACK 0xFF  ACK 0xFF  ACK 0xFF  ACK 0xFF  ACK 0xFF  ACK 0xFF>[0xA1 r:64]
I2C START BIT
WRITE: 0xA1 ACK 
READ: 0xFF  ACK 0xFF  ACK 0xFF  ACK 0xFF  ACK 0xFF  ACK 0xFF  ACK 0xFF  ACK 0xFF  ACK 0xFF  ACK 0xFF  ACK 0xFF  ACK 0xFF  ACK 0xFF  ACK 0xFF  ACK 0xFF  ACK 0xFF  ACK 0xFF  ACK 0xFF  ACK 0xFF  ACK 0xFF  ACK 0xFF  ACK 0xFF  ACK 0xFF  ACK 0xFF  ACK 0xFF  ACK 0xFF  ACK 0xFF  ACK 0xFF  ACK 0xFF  ACK 0xFF  ACK 0xFF  ACK 0xFF  ACK 0xFF  ACK 0xFF  ACK 0xFF  ACK 0xFF  ACK 0xFF  ACK 0xFF  ACK 0xFF  ACK 0xFF  ACK 0xFF  ACK 0xFF  ACK 0xFF  ACK 0xFF  ACK 0xFF  ACK 0xFF  ACK 0xFF  ACK 0xFF  ACK 0xFF  ACK 0xFF  ACK 0xFF  ACK 0xFF  ACK 0xFF  ACK 0xFF  ACK 0xFF  ACK 0xFF  ACK 0xFF  ACK 0xFF  ACK 0xFF  ACK 0xFF  ACK 0xFF  ACK 0xFF  ACK 0xFF  ACK 0xFF 
NACK
I2C STOP BIT
I2C>[0xA1 r:64]
I2C START BIT
WRITE: 0xA1 ACK 
READ: 0xFF  ACK 0xFF  ACK 0xFF  ACK 0xFF  ACK 0xFF  ACK 0xFF  ACK 0xFF  ACK 0xFF  ACK 0xFF  ACK 0xFF  ACK 0xFF  ACK 0xFF  ACK 0xFF  ACK 0xFF  ACK 0xFF  ACK 0xFF  ACK 0xFF  ACK 0xFF  ACK 0xFF  ACK 0xFF  ACK 0xFF>[0xA1 r:64]
I2C START BIT
WRITE: 0xA1 ACK 
READ: 0xFF  ACK 0xFF  ACK 0xFF  ACK 0xFF  ACK 0xFF  ACK 0xFF  ACK 0xFF  ACK 0xFF  ACK 0xFF  ACK 0xFF  ACK 0xFF  ACK 0xFF  ACK 0xFF  ACK 0xFF  ACK 0xFF  ACK 0xFF  ACK 0xFF  ACK 0xFF  ACK 0xFF  ACK 0xFF  ACK 0xFF  ACK 0xFF  ACK 0xFF  ACK 0xFF  ACK 0xFF  ACK 0xFF  ACK 0xFF  ACK 0xFF  ACK 0xFF  ACK 0xFF  ACK 0xFF  ACK 0xFF  ACK 0xFF  ACK 0xFF  ACK 0xFF  ACK 0xFF  ACK 0xFF  ACK 0xFF  ACK 0xFF  ACK 0xFF  ACK 0xFF  ACK 0xFF  ACK 0xFF  ACK 0xFF  ACK 0xFF  ACK 0xFF  ACK 0xFF  ACK 0xFF  ACK 0xFF  ACK 0xFF  ACK 0xFF  ACK 0xFF  ACK 0xFF  ACK 0xFF  ACK 0xFF  ACK 0xFF  ACK 0xFF  ACK 0xFF  ACK 0xFF  ACK 0xFF  ACK 0xFF  ACK 0xFF  ACK 0xFF  ACK 0xFF 
NACK
I2C STOP BIT
I2C>[0xA1 r:64]
I2C START BIT
WRITE: 0xA1 ACK 
READ: 0xFF  ACK 0xFF  ACK 0xFF  ACK 0xFF  ACK 0xFF  ACK 0xFF  ACK 0xFF  ACK 0xFF  ACK 0xFF  ACK 0xFF  ACK 0xFF  ACK 0xFF  ACK 0xFF  ACK 0xFF  ACK 0xFF  ACK 0xFF  ACK 0xFF  ACK 0xFF  ACK 0xFF  ACK 0xFF  ACK 0xFF>[0xA1 r:64]
I2C START BIT
WRITE: 0xA1 ACK 
READ: 0xFF  ACK 0xFF  ACK 0xFF  ACK 0xFF  ACK 0xFF  ACK 0xFF  ACK 0xFF  ACK 0xFF  ACK 0xFF  ACK 0xFF  ACK 0xFF  ACK 0xFF  ACK 0xFF  ACK 0xFF  ACK 0xFF  ACK 0xFF  ACK 0xFF  ACK 0xFF  ACK 0xFF  ACK 0xFF  ACK 0xFF  ACK 0xFF  ACK 0xFF  ACK 0xFF  ACK 0xFF  ACK 0xFF  ACK 0xFF  ACK 0xFF  ACK 0xFF  ACK 0xFF  ACK 0xFF  ACK 0xFF  ACK 0xFF  ACK 0xFF  ACK 0xFF  ACK 0xFF  ACK 0xFF  ACK 0xFF  ACK 0xFF  ACK 0xFF  ACK 0xFF  ACK 0xFF  ACK 0xFF  ACK 0xFF  ACK 0xFF  ACK 0xFF  ACK 0xFF  ACK 0xFF  ACK 0xFF  ACK 0xFF  ACK 0xFF  ACK 0xFF  ACK 0